<?xml version="1.0" encoding="UTF-8"?>
<!-- Generated by org.testng.reporters.JUnitReportReporter -->
<testsuite skipped="0" hostname="LAPTOP-SHB1C0EE" name="functionaltests.HomePageTests" tests="1" failures="0" timestamp="2021-07-24T11:56:25 IST" time="0.312" errors="0">
  <testcase name="validateMenuIcons" time="0.312" classname="functionaltests.HomePageTests"/>
  <system-out/>
</testsuite> <!-- functionaltests.HomePageTests -->
