<?xml version="1.0" encoding="UTF-8"?>
<!-- Generated by org.testng.reporters.JUnitReportReporter -->
<testsuite skipped="0" hostname="LAPTOP-SHB1C0EE" name="functionaltests.LoginPageTests" tests="4" failures="0" timestamp="2021-07-24T11:56:25 IST" time="8.935" errors="0">
  <testcase name="validateEmailFieldTest" time="4.192" classname="functionaltests.LoginPageTests"/>
  <system-out/>
  <testcase name="validatePasswordFieldTest" time="0.085" classname="functionaltests.LoginPageTests"/>
  <system-out/>
  <testcase name="validateSubmitButtonFieldTest" time="0.063" classname="functionaltests.LoginPageTests"/>
  <system-out/>
  <testcase name="performLoginTests" time="4.595" classname="functionaltests.LoginPageTests"/>
  <system-out/>
</testsuite> <!-- functionaltests.LoginPageTests -->
